\BOOKMARK [0][-]{titlepage.0}{\376\377\134\001\227\142}{}% 1
\BOOKMARK [0][-]{cabstract.0}{\376\377\144\130\211\201}{}% 2
\BOOKMARK [0][-]{eabstract.0}{\376\377\000A\000B\000S\000T\000R\000A\000C\000T}{}% 3
\BOOKMARK [0][-]{contents.0}{\376\377\166\356\137\125}{}% 4
\BOOKMARK [0][-]{chapter.1}{\376\377\200\314\146\157\116\313\176\315}{}% 5
\BOOKMARK [0][-]{chapter.2}{\376\377\145\160\143\156\116\016\152\041\127\213\213\276\213\241}{}% 6
\BOOKMARK [1][-]{section.2.1}{\376\377\145\160\143\156\131\004\164\006}{chapter.2}% 7
\BOOKMARK [2][-]{subsection.2.1.1}{\376\377\000t\000e\000x\145\207\116\366\122\060\126\376\162\107}{section.2.1}% 8
\BOOKMARK [2][-]{subsection.2.1.2}{\376\377\123\125\213\315\122\006\122\162\123\312\145\160\143\156\230\204\131\004\164\006}{section.2.1}% 9
\BOOKMARK [1][-]{section.2.2}{\376\377\177\121\176\334\176\323\147\204\116\016\173\227\154\325}{chapter.2}% 10
\BOOKMARK [2][-]{subsection.2.2.1}{\376\377\157\300\155\073\121\375\145\160\116\016\143\137\131\061\121\375\145\160}{section.2.2}% 11
\BOOKMARK [2][-]{subsection.2.2.2}{\376\377\171\136\176\317\177\121\176\334\117\030\123\026\173\227\154\325}{section.2.2}% 12
\BOOKMARK [2][-]{subsection.2.2.3}{\376\377\177\121\176\334\176\323\147\204}{section.2.2}% 13
\BOOKMARK [0][-]{chapter.3}{\376\377\133\236\232\214\176\323\147\234\122\006\147\220\116\016\145\071\217\333}{}% 14
\BOOKMARK [1][-]{section.3.1}{\376\377\217\307\221\307\150\067\000v\000s\153\040\221\307\150\067}{chapter.3}% 15
\BOOKMARK [1][-]{section.3.2}{\376\377\177\121\176\334\145\071\217\333}{chapter.3}% 16
\BOOKMARK [1][-]{section.3.3}{\376\377\000C\000T\000P\000N\166\204\124\057\123\321}{chapter.3}% 17
\BOOKMARK [1][-]{section.3.4}{\376\377\146\364\174\276\170\156\166\204\123\125\213\315\122\007\122\162}{chapter.3}% 18
\BOOKMARK [1][-]{section.3.5}{\376\377\177\121\176\334\213\255\176\303\176\323\147\234\153\324\133\371}{chapter.3}% 19
\BOOKMARK [1][-]{section.3.6}{\376\377\133\236\226\105\145\110\147\234\157\024\171\072}{chapter.3}% 20
\BOOKMARK [0][-]{chapter.4}{\376\377\140\073\176\323\116\016\134\125\147\033}{}% 21
\BOOKMARK [0][-]{appendix*.19}{\376\377\123\302\200\003\145\207\163\056}{}% 22
\BOOKMARK [0][-]{appendix*.20}{\376\377\123\027\116\254\131\047\133\146\133\146\117\115\213\272\145\207\123\237\122\033\140\047\130\360\146\016\124\214\117\177\165\050\143\210\147\103\213\364\146\016}{}% 23
